<?xml version="1.0" encoding="UTF-8"?>
<testng-results ignored="0" total="1" passed="1" failed="0" skipped="0">
  <reporter-output>
  </reporter-output>
  <suite started-at="2021-05-22T09:39:18Z" name="Suite" finished-at="2021-05-22T09:39:18Z" duration-ms="35">
    <groups>
    </groups>
    <test started-at="2021-05-22T09:39:18Z" name="Test" finished-at="2021-05-22T09:39:18Z" duration-ms="35">
      <class name="com.qa.tests.DemoTests">
        <test-method signature="sum()[pri:0, instance:com.qa.tests.DemoTests@e720b71]" started-at="2021-05-22T09:39:18Z" name="sum" finished-at="2021-05-22T09:39:18Z" duration-ms="10" status="PASS">
          <reporter-output>
          </reporter-output>
        </test-method> <!-- sum -->
      </class> <!-- com.qa.tests.DemoTests -->
    </test> <!-- Test -->
  </suite> <!-- Suite -->
</testng-results>
