<?xml version="1.0" encoding="UTF-8"?>
<testng-results ignored="0" total="1" passed="1" failed="0" skipped="0">
  <reporter-output>
  </reporter-output>
  <suite started-at="2021-05-22T09:26:18Z" name="Default suite" finished-at="2021-05-22T09:26:18Z" duration-ms="39">
    <groups>
    </groups>
    <test started-at="2021-05-22T09:26:18Z" name="Default test" finished-at="2021-05-22T09:26:18Z" duration-ms="39">
      <class name="com.qa.tests.DemoTests">
        <test-method signature="sum()[pri:0, instance:com.qa.tests.DemoTests@25a65b77]" started-at="2021-05-22T09:26:18Z" name="sum" finished-at="2021-05-22T09:26:18Z" duration-ms="11" status="PASS">
          <reporter-output>
          </reporter-output>
        </test-method> <!-- sum -->
      </class> <!-- com.qa.tests.DemoTests -->
    </test> <!-- Default test -->
  </suite> <!-- Default suite -->
</testng-results>
